2025-06-23 11:49:19,606 - INFO - Starting bank statement categorization process
2025-06-23 11:49:19,607 - INFO - Loading rules from CSV file: C:\Users\SOPHER~1.INT\AppData\Local\Temp\session_db7bf99d\tmpfwg4s2j1.csv
2025-06-23 11:49:19,653 - INFO - Loaded 130 categorisation rules.
2025-06-23 11:49:19,653 - INFO - Loading bank statement from C:\Users\SOPHER~1.INT\AppData\Local\Temp\session_db7bf99d\tmpvmzsdyt6.csv
2025-06-23 11:49:19,694 - INFO - Successfully loaded 681 transactions
2025-06-23 11:49:19,694 - INFO - Starting transaction categorization...
2025-06-23 11:49:19,736 - INFO - Processed 100/681 transactions
2025-06-23 11:49:19,790 - INFO - Processed 200/681 transactions
2025-06-23 11:49:19,825 - INFO - Processed 300/681 transactions
2025-06-23 11:49:19,857 - INFO - Processed 400/681 transactions
2025-06-23 11:49:19,870 - INFO - Processed 500/681 transactions
2025-06-23 11:49:19,909 - INFO - Processed 600/681 transactions
2025-06-23 11:49:19,936 - INFO - Categorization completed in 0.24 seconds
2025-06-23 11:49:19,936 - INFO - === CATEGORIZATION REPORT ===
2025-06-23 11:49:19,936 - INFO - Total Transactions: 681
2025-06-23 11:49:19,936 - INFO - Categorised: 563
2025-06-23 11:49:19,936 - INFO - Uncategorised: 118
2025-06-23 11:49:19,936 - INFO - Categorisation Rate: 82.67
2025-06-23 11:49:19,936 - INFO - Auto Approved: 544
2025-06-23 11:49:19,936 - INFO - Avg Confidence: 99.72
2025-06-23 11:49:19,936 - INFO - High Confidence Matches: 544
2025-06-23 11:49:19,950 - INFO - [SUCCESS] Results saved to C:\Users\SOPHER~1.INT\AppData\Local\Temp\session_db7bf99d\1234_1234_YE12345678_db7bf99d.csv
2025-06-23 11:49:19,951 - INFO - [SUCCESS] Categorization process completed successfully
2025-06-23 12:22:23,239 - INFO - Starting bank statement categorization process
2025-06-23 12:22:23,239 - INFO - Loading rules from CSV file: C:\Users\SOPHER~1.INT\AppData\Local\Temp\session_67e27aa6\tmp_dsgw2mu.csv
2025-06-23 12:22:23,307 - INFO - Loaded 130 categorisation rules.
2025-06-23 12:22:23,307 - INFO - Loading bank statement from C:\Users\SOPHER~1.INT\AppData\Local\Temp\session_67e27aa6\tmpf70w2m8k.csv
2025-06-23 12:22:23,341 - INFO - Successfully loaded 681 transactions
2025-06-23 12:22:23,341 - INFO - Starting transaction categorization...
2025-06-23 12:22:23,385 - INFO - Processed 100/681 transactions
2025-06-23 12:22:23,416 - INFO - Processed 200/681 transactions
2025-06-23 12:22:23,453 - INFO - Processed 300/681 transactions
2025-06-23 12:22:23,482 - INFO - Processed 400/681 transactions
2025-06-23 12:22:23,515 - INFO - Processed 500/681 transactions
2025-06-23 12:22:23,539 - INFO - Processed 600/681 transactions
2025-06-23 12:22:23,569 - INFO - Categorization completed in 0.23 seconds
2025-06-23 12:22:23,576 - INFO - === CATEGORIZATION REPORT ===
2025-06-23 12:22:23,576 - INFO - Total Transactions: 681
2025-06-23 12:22:23,577 - INFO - Categorised: 563
2025-06-23 12:22:23,577 - INFO - Uncategorised: 118
2025-06-23 12:22:23,577 - INFO - Categorisation Rate: 82.67
2025-06-23 12:22:23,577 - INFO - Auto Approved: 544
2025-06-23 12:22:23,577 - INFO - Avg Confidence: 99.72
2025-06-23 12:22:23,578 - INFO - High Confidence Matches: 544
2025-06-23 12:22:23,587 - INFO - [SUCCESS] Results saved to C:\Users\SOPHER~1.INT\AppData\Local\Temp\session_67e27aa6\23296_31122024_YE12345678_67e27aa6.csv
2025-06-23 12:22:23,587 - INFO - [SUCCESS] Categorization process completed successfully
