2025-06-06 16:32:28,692 - INFO - Starting bank statement categorization process
2025-06-06 16:32:28,693 - INFO - Loading rules from C:\Users\Sopher.Intern\Downloads\Testing\rules.csv
2025-06-06 16:32:28,739 - INFO - Successfully loaded 1827 rules
2025-06-06 16:32:28,739 - INFO - Loading bank statement from C:\Users\Sopher.Intern\Downloads\Testing\bank_statement.csv
2025-06-06 16:32:28,800 - INFO - Successfully loaded 10785 transactions
2025-06-06 16:32:28,800 - INFO - Starting transaction categorization...
2025-06-06 16:32:28,805 - INFO - Processed 100/10785 transactions
2025-06-06 16:32:28,809 - INFO - Processed 200/10785 transactions
2025-06-06 16:32:28,813 - INFO - Processed 300/10785 transactions
2025-06-06 16:32:28,818 - INFO - Processed 400/10785 transactions
2025-06-06 16:32:28,822 - INFO - Processed 500/10785 transactions
2025-06-06 16:32:28,826 - INFO - Processed 600/10785 transactions
2025-06-06 16:32:28,830 - INFO - Processed 700/10785 transactions
2025-06-06 16:32:28,835 - INFO - Processed 800/10785 transactions
2025-06-06 16:32:28,839 - INFO - Processed 900/10785 transactions
2025-06-06 16:32:28,843 - INFO - Processed 1000/10785 transactions
2025-06-06 16:32:28,847 - INFO - Processed 1100/10785 transactions
2025-06-06 16:32:28,852 - INFO - Processed 1200/10785 transactions
2025-06-06 16:32:28,857 - INFO - Processed 1300/10785 transactions
2025-06-06 16:32:28,861 - INFO - Processed 1400/10785 transactions
2025-06-06 16:32:28,866 - INFO - Processed 1500/10785 transactions
2025-06-06 16:32:28,870 - INFO - Processed 1600/10785 transactions
2025-06-06 16:32:28,874 - INFO - Processed 1700/10785 transactions
2025-06-06 16:32:28,877 - INFO - Processed 1800/10785 transactions
2025-06-06 16:32:28,882 - INFO - Processed 1900/10785 transactions
2025-06-06 16:32:28,886 - INFO - Processed 2000/10785 transactions
2025-06-06 16:32:28,890 - INFO - Processed 2100/10785 transactions
2025-06-06 16:32:28,894 - INFO - Processed 2200/10785 transactions
2025-06-06 16:32:28,899 - INFO - Processed 2300/10785 transactions
2025-06-06 16:32:28,903 - INFO - Processed 2400/10785 transactions
2025-06-06 16:32:28,907 - INFO - Processed 2500/10785 transactions
2025-06-06 16:32:28,910 - INFO - Processed 2600/10785 transactions
2025-06-06 16:32:28,915 - INFO - Processed 2700/10785 transactions
2025-06-06 16:32:28,920 - INFO - Processed 2800/10785 transactions
2025-06-06 16:32:28,924 - INFO - Processed 2900/10785 transactions
2025-06-06 16:32:28,927 - INFO - Processed 3000/10785 transactions
2025-06-06 16:32:28,931 - INFO - Processed 3100/10785 transactions
2025-06-06 16:32:28,937 - INFO - Processed 3200/10785 transactions
2025-06-06 16:32:28,940 - INFO - Processed 3300/10785 transactions
2025-06-06 16:32:28,944 - INFO - Processed 3400/10785 transactions
2025-06-06 16:32:28,948 - INFO - Processed 3500/10785 transactions
2025-06-06 16:32:28,954 - INFO - Processed 3600/10785 transactions
2025-06-06 16:32:28,958 - INFO - Processed 3700/10785 transactions
2025-06-06 16:32:28,961 - INFO - Processed 3800/10785 transactions
2025-06-06 16:32:28,967 - INFO - Processed 3900/10785 transactions
2025-06-06 16:32:28,971 - INFO - Processed 4000/10785 transactions
2025-06-06 16:32:28,975 - INFO - Processed 4100/10785 transactions
2025-06-06 16:32:28,978 - INFO - Processed 4200/10785 transactions
2025-06-06 16:32:28,984 - INFO - Processed 4300/10785 transactions
2025-06-06 16:32:28,989 - INFO - Processed 4400/10785 transactions
2025-06-06 16:32:28,993 - INFO - Processed 4500/10785 transactions
2025-06-06 16:32:28,997 - INFO - Processed 4600/10785 transactions
2025-06-06 16:32:29,003 - INFO - Processed 4700/10785 transactions
2025-06-06 16:32:29,007 - INFO - Processed 4800/10785 transactions
2025-06-06 16:32:29,010 - INFO - Processed 4900/10785 transactions
2025-06-06 16:32:29,014 - INFO - Processed 5000/10785 transactions
2025-06-06 16:32:29,020 - INFO - Processed 5100/10785 transactions
2025-06-06 16:32:29,027 - INFO - Processed 5200/10785 transactions
2025-06-06 16:32:29,035 - INFO - Processed 5300/10785 transactions
2025-06-06 16:32:29,040 - INFO - Processed 5400/10785 transactions
2025-06-06 16:32:29,044 - INFO - Processed 5500/10785 transactions
2025-06-06 16:32:29,050 - INFO - Processed 5600/10785 transactions
2025-06-06 16:32:29,055 - INFO - Processed 5700/10785 transactions
2025-06-06 16:32:29,058 - INFO - Processed 5800/10785 transactions
2025-06-06 16:32:29,063 - INFO - Processed 5900/10785 transactions
2025-06-06 16:32:29,068 - INFO - Processed 6000/10785 transactions
2025-06-06 16:32:29,072 - INFO - Processed 6100/10785 transactions
2025-06-06 16:32:29,078 - INFO - Processed 6200/10785 transactions
2025-06-06 16:32:29,083 - INFO - Processed 6300/10785 transactions
2025-06-06 16:32:29,087 - INFO - Processed 6400/10785 transactions
2025-06-06 16:32:29,091 - INFO - Processed 6500/10785 transactions
2025-06-06 16:32:29,095 - INFO - Processed 6600/10785 transactions
2025-06-06 16:32:29,101 - INFO - Processed 6700/10785 transactions
2025-06-06 16:32:29,106 - INFO - Processed 6800/10785 transactions
2025-06-06 16:32:29,111 - INFO - Processed 6900/10785 transactions
2025-06-06 16:32:29,116 - INFO - Processed 7000/10785 transactions
2025-06-06 16:32:29,121 - INFO - Processed 7100/10785 transactions
2025-06-06 16:32:29,127 - INFO - Processed 7200/10785 transactions
2025-06-06 16:32:29,133 - INFO - Processed 7300/10785 transactions
2025-06-06 16:32:29,138 - INFO - Processed 7400/10785 transactions
2025-06-06 16:32:29,143 - INFO - Processed 7500/10785 transactions
2025-06-06 16:32:29,148 - INFO - Processed 7600/10785 transactions
2025-06-06 16:32:29,153 - INFO - Processed 7700/10785 transactions
2025-06-06 16:32:29,159 - INFO - Processed 7800/10785 transactions
2025-06-06 16:32:29,166 - INFO - Processed 7900/10785 transactions
2025-06-06 16:32:29,170 - INFO - Processed 8000/10785 transactions
2025-06-06 16:32:29,174 - INFO - Processed 8100/10785 transactions
2025-06-06 16:32:29,178 - INFO - Processed 8200/10785 transactions
2025-06-06 16:32:29,183 - INFO - Processed 8300/10785 transactions
2025-06-06 16:32:29,188 - INFO - Processed 8400/10785 transactions
2025-06-06 16:32:29,192 - INFO - Processed 8500/10785 transactions
2025-06-06 16:32:29,196 - INFO - Processed 8600/10785 transactions
2025-06-06 16:32:29,201 - INFO - Processed 8700/10785 transactions
2025-06-06 16:32:29,205 - INFO - Processed 8800/10785 transactions
2025-06-06 16:32:29,209 - INFO - Processed 8900/10785 transactions
2025-06-06 16:32:29,213 - INFO - Processed 9000/10785 transactions
2025-06-06 16:32:29,218 - INFO - Processed 9100/10785 transactions
2025-06-06 16:32:29,223 - INFO - Processed 9200/10785 transactions
2025-06-06 16:32:29,227 - INFO - Processed 9300/10785 transactions
2025-06-06 16:32:29,231 - INFO - Processed 9400/10785 transactions
2025-06-06 16:32:29,236 - INFO - Processed 9500/10785 transactions
2025-06-06 16:32:29,240 - INFO - Processed 9600/10785 transactions
2025-06-06 16:32:29,244 - INFO - Processed 9700/10785 transactions
2025-06-06 16:32:29,249 - INFO - Processed 9800/10785 transactions
2025-06-06 16:32:29,254 - INFO - Processed 9900/10785 transactions
2025-06-06 16:32:29,258 - INFO - Processed 10000/10785 transactions
2025-06-06 16:32:29,262 - INFO - Processed 10100/10785 transactions
2025-06-06 16:32:29,267 - INFO - Processed 10200/10785 transactions
2025-06-06 16:32:29,270 - INFO - Processed 10300/10785 transactions
2025-06-06 16:32:29,274 - INFO - Processed 10400/10785 transactions
2025-06-06 16:32:29,278 - INFO - Processed 10500/10785 transactions
2025-06-06 16:32:29,282 - INFO - Processed 10600/10785 transactions
2025-06-06 16:32:29,286 - INFO - Processed 10700/10785 transactions
2025-06-06 16:32:29,295 - INFO - Categorization completed in 0.49 seconds
2025-06-06 16:32:29,302 - INFO - === CATEGORIZATION REPORT ===
2025-06-06 16:32:29,303 - INFO - Total Transactions: 10785
2025-06-06 16:32:29,303 - INFO - Categorised: 10763
2025-06-06 16:32:29,303 - INFO - Uncategorised: 22
2025-06-06 16:32:29,303 - INFO - Categorisation Rate: 99.8
2025-06-06 16:32:29,304 - INFO - Auto Approved: 10763
2025-06-06 16:32:29,304 - INFO - Avg Confidence: 100.0
2025-06-06 16:32:29,304 - INFO - High Confidence Matches: 10763
2025-06-06 16:32:29,359 - INFO - [SUCCESS] Results saved to categorised_output.csv
2025-06-06 16:32:29,360 - INFO - [SUCCESS] Categorization process completed successfully
2025-06-06 16:33:56,600 - INFO - Starting bank statement categorization process
2025-06-06 16:33:56,600 - INFO - Loading rules from C:\Users\Sopher.Intern\Downloads\Testing\rules.csv
2025-06-06 16:33:56,624 - INFO - Successfully loaded 1827 rules
2025-06-06 16:33:56,624 - INFO - Loading bank statement from C:\Users\Sopher.Intern\Downloads\Testing\bank_statement.csv
2025-06-06 16:33:56,702 - INFO - Successfully loaded 10785 transactions
2025-06-06 16:33:56,703 - INFO - Starting transaction categorization...
2025-06-06 16:33:56,708 - INFO - Processed 100/10785 transactions
2025-06-06 16:33:56,712 - INFO - Processed 200/10785 transactions
2025-06-06 16:33:56,716 - INFO - Processed 300/10785 transactions
2025-06-06 16:33:56,720 - INFO - Processed 400/10785 transactions
2025-06-06 16:33:56,724 - INFO - Processed 500/10785 transactions
2025-06-06 16:33:56,729 - INFO - Processed 600/10785 transactions
2025-06-06 16:33:56,735 - INFO - Processed 700/10785 transactions
2025-06-06 16:33:56,739 - INFO - Processed 800/10785 transactions
2025-06-06 16:33:56,743 - INFO - Processed 900/10785 transactions
2025-06-06 16:33:56,747 - INFO - Processed 1000/10785 transactions
2025-06-06 16:33:56,753 - INFO - Processed 1100/10785 transactions
2025-06-06 16:33:56,757 - INFO - Processed 1200/10785 transactions
2025-06-06 16:33:56,762 - INFO - Processed 1300/10785 transactions
2025-06-06 16:33:56,768 - INFO - Processed 1400/10785 transactions
2025-06-06 16:33:56,773 - INFO - Processed 1500/10785 transactions
2025-06-06 16:33:56,779 - INFO - Processed 1600/10785 transactions
2025-06-06 16:33:56,783 - INFO - Processed 1700/10785 transactions
2025-06-06 16:33:56,787 - INFO - Processed 1800/10785 transactions
2025-06-06 16:33:56,791 - INFO - Processed 1900/10785 transactions
2025-06-06 16:33:56,796 - INFO - Processed 2000/10785 transactions
2025-06-06 16:33:56,800 - INFO - Processed 2100/10785 transactions
2025-06-06 16:33:56,803 - INFO - Processed 2200/10785 transactions
2025-06-06 16:33:56,807 - INFO - Processed 2300/10785 transactions
2025-06-06 16:33:56,812 - INFO - Processed 2400/10785 transactions
2025-06-06 16:33:56,817 - INFO - Processed 2500/10785 transactions
2025-06-06 16:33:56,821 - INFO - Processed 2600/10785 transactions
2025-06-06 16:33:56,825 - INFO - Processed 2700/10785 transactions
2025-06-06 16:33:56,831 - INFO - Processed 2800/10785 transactions
2025-06-06 16:33:56,835 - INFO - Processed 2900/10785 transactions
2025-06-06 16:33:56,839 - INFO - Processed 3000/10785 transactions
2025-06-06 16:33:56,842 - INFO - Processed 3100/10785 transactions
2025-06-06 16:33:56,846 - INFO - Processed 3200/10785 transactions
2025-06-06 16:33:56,850 - INFO - Processed 3300/10785 transactions
2025-06-06 16:33:56,853 - INFO - Processed 3400/10785 transactions
2025-06-06 16:33:56,857 - INFO - Processed 3500/10785 transactions
2025-06-06 16:33:56,863 - INFO - Processed 3600/10785 transactions
2025-06-06 16:33:56,867 - INFO - Processed 3700/10785 transactions
2025-06-06 16:33:56,871 - INFO - Processed 3800/10785 transactions
2025-06-06 16:33:56,875 - INFO - Processed 3900/10785 transactions
2025-06-06 16:33:56,880 - INFO - Processed 4000/10785 transactions
2025-06-06 16:33:56,885 - INFO - Processed 4100/10785 transactions
2025-06-06 16:33:56,889 - INFO - Processed 4200/10785 transactions
2025-06-06 16:33:56,893 - INFO - Processed 4300/10785 transactions
2025-06-06 16:33:56,898 - INFO - Processed 4400/10785 transactions
2025-06-06 16:33:56,902 - INFO - Processed 4500/10785 transactions
2025-06-06 16:33:56,906 - INFO - Processed 4600/10785 transactions
2025-06-06 16:33:56,910 - INFO - Processed 4700/10785 transactions
2025-06-06 16:33:56,915 - INFO - Processed 4800/10785 transactions
2025-06-06 16:33:56,919 - INFO - Processed 4900/10785 transactions
2025-06-06 16:33:56,922 - INFO - Processed 5000/10785 transactions
2025-06-06 16:33:56,927 - INFO - Processed 5100/10785 transactions
2025-06-06 16:33:56,932 - INFO - Processed 5200/10785 transactions
2025-06-06 16:33:56,936 - INFO - Processed 5300/10785 transactions
2025-06-06 16:33:56,939 - INFO - Processed 5400/10785 transactions
2025-06-06 16:33:56,945 - INFO - Processed 5500/10785 transactions
2025-06-06 16:33:56,949 - INFO - Processed 5600/10785 transactions
2025-06-06 16:33:56,953 - INFO - Processed 5700/10785 transactions
2025-06-06 16:33:56,957 - INFO - Processed 5800/10785 transactions
2025-06-06 16:33:56,962 - INFO - Processed 5900/10785 transactions
2025-06-06 16:33:56,966 - INFO - Processed 6000/10785 transactions
2025-06-06 16:33:56,969 - INFO - Processed 6100/10785 transactions
2025-06-06 16:33:56,973 - INFO - Processed 6200/10785 transactions
2025-06-06 16:33:56,977 - INFO - Processed 6300/10785 transactions
2025-06-06 16:33:56,982 - INFO - Processed 6400/10785 transactions
2025-06-06 16:33:56,986 - INFO - Processed 6500/10785 transactions
2025-06-06 16:33:56,989 - INFO - Processed 6600/10785 transactions
2025-06-06 16:33:56,993 - INFO - Processed 6700/10785 transactions
2025-06-06 16:33:56,998 - INFO - Processed 6800/10785 transactions
2025-06-06 16:33:57,001 - INFO - Processed 6900/10785 transactions
2025-06-06 16:33:57,005 - INFO - Processed 7000/10785 transactions
2025-06-06 16:33:57,008 - INFO - Processed 7100/10785 transactions
2025-06-06 16:33:57,013 - INFO - Processed 7200/10785 transactions
2025-06-06 16:33:57,017 - INFO - Processed 7300/10785 transactions
2025-06-06 16:33:57,021 - INFO - Processed 7400/10785 transactions
2025-06-06 16:33:57,024 - INFO - Processed 7500/10785 transactions
2025-06-06 16:33:57,029 - INFO - Processed 7600/10785 transactions
2025-06-06 16:33:57,033 - INFO - Processed 7700/10785 transactions
2025-06-06 16:33:57,036 - INFO - Processed 7800/10785 transactions
2025-06-06 16:33:57,040 - INFO - Processed 7900/10785 transactions
2025-06-06 16:33:57,043 - INFO - Processed 8000/10785 transactions
2025-06-06 16:33:57,048 - INFO - Processed 8100/10785 transactions
2025-06-06 16:33:57,053 - INFO - Processed 8200/10785 transactions
2025-06-06 16:33:57,056 - INFO - Processed 8300/10785 transactions
2025-06-06 16:33:57,061 - INFO - Processed 8400/10785 transactions
2025-06-06 16:33:57,065 - INFO - Processed 8500/10785 transactions
2025-06-06 16:33:57,069 - INFO - Processed 8600/10785 transactions
2025-06-06 16:33:57,072 - INFO - Processed 8700/10785 transactions
2025-06-06 16:33:57,076 - INFO - Processed 8800/10785 transactions
2025-06-06 16:33:57,080 - INFO - Processed 8900/10785 transactions
2025-06-06 16:33:57,084 - INFO - Processed 9000/10785 transactions
2025-06-06 16:33:57,088 - INFO - Processed 9100/10785 transactions
2025-06-06 16:33:57,092 - INFO - Processed 9200/10785 transactions
2025-06-06 16:33:57,097 - INFO - Processed 9300/10785 transactions
2025-06-06 16:33:57,100 - INFO - Processed 9400/10785 transactions
2025-06-06 16:33:57,104 - INFO - Processed 9500/10785 transactions
2025-06-06 16:33:57,111 - INFO - Processed 9600/10785 transactions
2025-06-06 16:33:57,147 - INFO - Processed 9700/10785 transactions
2025-06-06 16:33:57,151 - INFO - Processed 9800/10785 transactions
2025-06-06 16:33:57,157 - INFO - Processed 9900/10785 transactions
2025-06-06 16:33:57,164 - INFO - Processed 10000/10785 transactions
2025-06-06 16:33:57,167 - INFO - Processed 10100/10785 transactions
2025-06-06 16:33:57,171 - INFO - Processed 10200/10785 transactions
2025-06-06 16:33:57,175 - INFO - Processed 10300/10785 transactions
2025-06-06 16:33:57,180 - INFO - Processed 10400/10785 transactions
2025-06-06 16:33:57,183 - INFO - Processed 10500/10785 transactions
2025-06-06 16:33:57,187 - INFO - Processed 10600/10785 transactions
2025-06-06 16:33:57,191 - INFO - Processed 10700/10785 transactions
2025-06-06 16:33:57,200 - INFO - Categorization completed in 0.50 seconds
2025-06-06 16:33:57,204 - INFO - === CATEGORIZATION REPORT ===
2025-06-06 16:33:57,204 - INFO - Total Transactions: 10785
2025-06-06 16:33:57,204 - INFO - Categorised: 10763
2025-06-06 16:33:57,204 - INFO - Uncategorised: 22
2025-06-06 16:33:57,205 - INFO - Categorisation Rate: 99.8
2025-06-06 16:33:57,205 - INFO - Auto Approved: 10763
2025-06-06 16:33:57,205 - INFO - Avg Confidence: 100.0
2025-06-06 16:33:57,205 - INFO - High Confidence Matches: 10763
2025-06-06 16:33:57,248 - INFO - [SUCCESS] Results saved to C:\Users\Sopher.Intern\Downloads\Testing\categorised_output.csv
2025-06-06 16:33:57,249 - INFO - [SUCCESS] Categorization process completed successfully
2025-06-06 16:40:03,851 - INFO - Starting bank statement categorization process
2025-06-06 16:40:03,852 - INFO - Loading rules from C:\Users\Sopher.Intern\Downloads\Testing\rules.csv
2025-06-06 16:40:03,919 - INFO - Successfully loaded 1827 rules
2025-06-06 16:40:03,920 - INFO - Loading bank statement from C:\Users\Sopher.Intern\Downloads\Testing\bank_statement_2.csv
2025-06-06 16:40:04,017 - INFO - Successfully loaded 11998 transactions
2025-06-06 16:40:04,017 - INFO - Starting transaction categorization...
2025-06-06 16:40:04,704 - INFO - Processed 100/11998 transactions
2025-06-06 16:40:05,468 - INFO - Processed 200/11998 transactions
2025-06-06 16:40:05,982 - INFO - Processed 300/11998 transactions
2025-06-06 16:40:06,548 - INFO - Processed 400/11998 transactions
2025-06-06 16:40:07,198 - INFO - Processed 500/11998 transactions
2025-06-06 16:40:07,822 - INFO - Processed 600/11998 transactions
2025-06-06 16:40:08,343 - INFO - Processed 700/11998 transactions
2025-06-06 16:40:08,935 - INFO - Processed 800/11998 transactions
2025-06-06 16:40:09,444 - INFO - Processed 900/11998 transactions
2025-06-06 16:40:09,970 - INFO - Processed 1000/11998 transactions
2025-06-06 16:40:10,453 - INFO - Processed 1100/11998 transactions
2025-06-06 16:40:11,114 - INFO - Processed 1200/11998 transactions
2025-06-06 16:40:11,860 - INFO - Processed 1300/11998 transactions
2025-06-06 16:40:12,468 - INFO - Processed 1400/11998 transactions
2025-06-06 16:40:13,093 - INFO - Processed 1500/11998 transactions
2025-06-06 16:40:13,675 - INFO - Processed 1600/11998 transactions
2025-06-06 16:40:14,177 - INFO - Processed 1700/11998 transactions
2025-06-06 16:40:14,948 - INFO - Processed 1800/11998 transactions
2025-06-06 16:40:15,516 - INFO - Processed 1900/11998 transactions
2025-06-06 16:40:16,042 - INFO - Processed 2000/11998 transactions
2025-06-06 16:40:16,650 - INFO - Processed 2100/11998 transactions
2025-06-06 16:40:17,322 - INFO - Processed 2200/11998 transactions
2025-06-06 16:40:17,850 - INFO - Processed 2300/11998 transactions
2025-06-06 16:40:18,475 - INFO - Processed 2400/11998 transactions
2025-06-06 16:40:19,133 - INFO - Processed 2500/11998 transactions
2025-06-06 16:40:19,850 - INFO - Processed 2600/11998 transactions
2025-06-06 16:40:20,442 - INFO - Processed 2700/11998 transactions
2025-06-06 16:40:21,058 - INFO - Processed 2800/11998 transactions
2025-06-06 16:40:21,651 - INFO - Processed 2900/11998 transactions
2025-06-06 16:40:22,183 - INFO - Processed 3000/11998 transactions
2025-06-06 16:40:22,773 - INFO - Processed 3100/11998 transactions
2025-06-06 16:40:23,291 - INFO - Processed 3200/11998 transactions
2025-06-06 16:40:23,760 - INFO - Processed 3300/11998 transactions
2025-06-06 16:40:24,262 - INFO - Processed 3400/11998 transactions
2025-06-06 16:40:24,714 - INFO - Processed 3500/11998 transactions
2025-06-06 16:40:25,453 - INFO - Processed 3600/11998 transactions
2025-06-06 16:40:26,066 - INFO - Processed 3700/11998 transactions
2025-06-06 16:40:26,830 - INFO - Processed 3800/11998 transactions
2025-06-06 16:40:27,394 - INFO - Processed 3900/11998 transactions
2025-06-06 16:40:28,167 - INFO - Processed 4000/11998 transactions
2025-06-06 16:40:28,802 - INFO - Processed 4100/11998 transactions
2025-06-06 16:40:29,418 - INFO - Processed 4200/11998 transactions
2025-06-06 16:40:30,142 - INFO - Processed 4300/11998 transactions
2025-06-06 16:40:30,779 - INFO - Processed 4400/11998 transactions
2025-06-06 16:40:31,260 - INFO - Processed 4500/11998 transactions
2025-06-06 16:40:31,957 - INFO - Processed 4600/11998 transactions
2025-06-06 16:40:32,829 - INFO - Processed 4700/11998 transactions
2025-06-06 16:40:33,471 - INFO - Processed 4800/11998 transactions
2025-06-06 16:40:34,033 - INFO - Processed 4900/11998 transactions
2025-06-06 16:40:34,878 - INFO - Processed 5000/11998 transactions
2025-06-06 16:40:35,543 - INFO - Processed 5100/11998 transactions
2025-06-06 16:40:36,034 - INFO - Processed 5200/11998 transactions
2025-06-06 16:40:36,698 - INFO - Processed 5300/11998 transactions
2025-06-06 16:40:37,119 - INFO - Processed 5400/11998 transactions
2025-06-06 16:40:37,764 - INFO - Processed 5500/11998 transactions
2025-06-06 16:40:38,322 - INFO - Processed 5600/11998 transactions
2025-06-06 16:40:38,741 - INFO - Processed 5700/11998 transactions
2025-06-06 16:40:39,342 - INFO - Processed 5800/11998 transactions
2025-06-06 16:40:39,930 - INFO - Processed 5900/11998 transactions
2025-06-06 16:40:40,524 - INFO - Processed 6000/11998 transactions
2025-06-06 16:40:40,981 - INFO - Processed 6100/11998 transactions
2025-06-06 16:40:41,493 - INFO - Processed 6200/11998 transactions
2025-06-06 16:40:42,008 - INFO - Processed 6300/11998 transactions
2025-06-06 16:40:42,466 - INFO - Processed 6400/11998 transactions
2025-06-06 16:40:43,235 - INFO - Processed 6500/11998 transactions
2025-06-06 16:40:43,913 - INFO - Processed 6600/11998 transactions
2025-06-06 16:40:44,533 - INFO - Processed 6700/11998 transactions
2025-06-06 16:40:45,011 - INFO - Processed 6800/11998 transactions
2025-06-06 16:40:45,541 - INFO - Processed 6900/11998 transactions
2025-06-06 16:40:46,136 - INFO - Processed 7000/11998 transactions
2025-06-06 16:40:46,743 - INFO - Processed 7100/11998 transactions
2025-06-06 16:40:47,393 - INFO - Processed 7200/11998 transactions
2025-06-06 16:40:48,001 - INFO - Processed 7300/11998 transactions
2025-06-06 16:40:48,575 - INFO - Processed 7400/11998 transactions
2025-06-06 16:40:49,039 - INFO - Processed 7500/11998 transactions
2025-06-06 16:40:49,510 - INFO - Processed 7600/11998 transactions
2025-06-06 16:40:49,999 - INFO - Processed 7700/11998 transactions
2025-06-06 16:40:50,497 - INFO - Processed 7800/11998 transactions
2025-06-06 16:40:51,128 - INFO - Processed 7900/11998 transactions
2025-06-06 16:40:51,645 - INFO - Processed 8000/11998 transactions
2025-06-06 16:40:52,334 - INFO - Processed 8100/11998 transactions
2025-06-06 16:40:52,937 - INFO - Processed 8200/11998 transactions
2025-06-06 16:40:53,540 - INFO - Processed 8300/11998 transactions
2025-06-06 16:40:54,268 - INFO - Processed 8400/11998 transactions
2025-06-06 16:40:54,794 - INFO - Processed 8500/11998 transactions
2025-06-06 16:40:55,290 - INFO - Processed 8600/11998 transactions
2025-06-06 16:40:55,963 - INFO - Processed 8700/11998 transactions
2025-06-06 16:40:56,514 - INFO - Processed 8800/11998 transactions
2025-06-06 16:40:57,074 - INFO - Processed 8900/11998 transactions
2025-06-06 16:40:57,599 - INFO - Processed 9000/11998 transactions
2025-06-06 16:40:58,200 - INFO - Processed 9100/11998 transactions
2025-06-06 16:40:58,830 - INFO - Processed 9200/11998 transactions
2025-06-06 16:40:59,392 - INFO - Processed 9300/11998 transactions
2025-06-06 16:41:00,035 - INFO - Processed 9400/11998 transactions
2025-06-06 16:41:00,656 - INFO - Processed 9500/11998 transactions
2025-06-06 16:41:01,260 - INFO - Processed 9600/11998 transactions
2025-06-06 16:41:01,963 - INFO - Processed 9700/11998 transactions
2025-06-06 16:41:02,695 - INFO - Processed 9800/11998 transactions
2025-06-06 16:41:03,387 - INFO - Processed 9900/11998 transactions
2025-06-06 16:41:04,009 - INFO - Processed 10000/11998 transactions
2025-06-06 16:41:04,775 - INFO - Processed 10100/11998 transactions
2025-06-06 16:41:05,397 - INFO - Processed 10200/11998 transactions
2025-06-06 16:41:05,933 - INFO - Processed 10300/11998 transactions
2025-06-06 16:41:06,526 - INFO - Processed 10400/11998 transactions
2025-06-06 16:41:06,966 - INFO - Processed 10500/11998 transactions
2025-06-06 16:41:07,552 - INFO - Processed 10600/11998 transactions
2025-06-06 16:41:08,161 - INFO - Processed 10700/11998 transactions
2025-06-06 16:41:08,735 - INFO - Processed 10800/11998 transactions
2025-06-06 16:41:09,285 - INFO - Processed 10900/11998 transactions
2025-06-06 16:41:09,792 - INFO - Processed 11000/11998 transactions
2025-06-06 16:41:10,197 - INFO - Processed 11100/11998 transactions
2025-06-06 16:41:10,667 - INFO - Processed 11200/11998 transactions
2025-06-06 16:41:11,231 - INFO - Processed 11300/11998 transactions
2025-06-06 16:41:11,742 - INFO - Processed 11400/11998 transactions
2025-06-06 16:41:12,391 - INFO - Processed 11500/11998 transactions
2025-06-06 16:41:12,999 - INFO - Processed 11600/11998 transactions
2025-06-06 16:41:13,574 - INFO - Processed 11700/11998 transactions
2025-06-06 16:41:14,035 - INFO - Processed 11800/11998 transactions
2025-06-06 16:41:14,635 - INFO - Processed 11900/11998 transactions
2025-06-06 16:41:15,088 - INFO - Categorization completed in 71.07 seconds
2025-06-06 16:41:15,097 - INFO - === CATEGORIZATION REPORT ===
2025-06-06 16:41:15,097 - INFO - Total Transactions: 11998
2025-06-06 16:41:15,098 - INFO - Categorised: 6694
2025-06-06 16:41:15,098 - INFO - Uncategorised: 5304
2025-06-06 16:41:15,098 - INFO - Categorisation Rate: 55.79
2025-06-06 16:41:15,098 - INFO - Auto Approved: 6546
2025-06-06 16:41:15,099 - INFO - Avg Confidence: 99.83
2025-06-06 16:41:15,099 - INFO - High Confidence Matches: 6546
2025-06-06 16:41:15,175 - INFO - [SUCCESS] Results saved to C:\Users\Sopher.Intern\Downloads\Testing\categorised_output.csv
2025-06-06 16:41:15,175 - INFO - [SUCCESS] Categorization process completed successfully
