2025-06-23 11:49:19,606 - INFO - Starting bank statement categorization process
2025-06-23 11:49:19,607 - INFO - Loading rules from CSV file: C:\Users\SOPHER~1.INT\AppData\Local\Temp\session_db7bf99d\tmpfwg4s2j1.csv
2025-06-23 11:49:19,653 - INFO - Loaded 130 categorisation rules.
2025-06-23 11:49:19,653 - INFO - Loading bank statement from C:\Users\SOPHER~1.INT\AppData\Local\Temp\session_db7bf99d\tmpvmzsdyt6.csv
2025-06-23 11:49:19,694 - INFO - Successfully loaded 681 transactions
2025-06-23 11:49:19,694 - INFO - Starting transaction categorization...
2025-06-23 11:49:19,736 - INFO - Processed 100/681 transactions
2025-06-23 11:49:19,790 - INFO - Processed 200/681 transactions
2025-06-23 11:49:19,825 - INFO - Processed 300/681 transactions
2025-06-23 11:49:19,857 - INFO - Processed 400/681 transactions
2025-06-23 11:49:19,870 - INFO - Processed 500/681 transactions
2025-06-23 11:49:19,909 - INFO - Processed 600/681 transactions
2025-06-23 11:49:19,936 - INFO - Categorization completed in 0.24 seconds
2025-06-23 11:49:19,936 - INFO - === CATEGORIZATION REPORT ===
2025-06-23 11:49:19,936 - INFO - Total Transactions: 681
2025-06-23 11:49:19,936 - INFO - Categorised: 563
2025-06-23 11:49:19,936 - INFO - Uncategorised: 118
2025-06-23 11:49:19,936 - INFO - Categorisation Rate: 82.67
2025-06-23 11:49:19,936 - INFO - Auto Approved: 544
2025-06-23 11:49:19,936 - INFO - Avg Confidence: 99.72
2025-06-23 11:49:19,936 - INFO - High Confidence Matches: 544
2025-06-23 11:49:19,950 - INFO - [SUCCESS] Results saved to C:\Users\SOPHER~1.INT\AppData\Local\Temp\session_db7bf99d\1234_1234_YE12345678_db7bf99d.csv
2025-06-23 11:49:19,951 - INFO - [SUCCESS] Categorization process completed successfully
2025-06-23 12:22:23,239 - INFO - Starting bank statement categorization process
2025-06-23 12:22:23,239 - INFO - Loading rules from CSV file: C:\Users\SOPHER~1.INT\AppData\Local\Temp\session_67e27aa6\tmp_dsgw2mu.csv
2025-06-23 12:22:23,307 - INFO - Loaded 130 categorisation rules.
2025-06-23 12:22:23,307 - INFO - Loading bank statement from C:\Users\SOPHER~1.INT\AppData\Local\Temp\session_67e27aa6\tmpf70w2m8k.csv
2025-06-23 12:22:23,341 - INFO - Successfully loaded 681 transactions
2025-06-23 12:22:23,341 - INFO - Starting transaction categorization...
2025-06-23 12:22:23,385 - INFO - Processed 100/681 transactions
2025-06-23 12:22:23,416 - INFO - Processed 200/681 transactions
2025-06-23 12:22:23,453 - INFO - Processed 300/681 transactions
2025-06-23 12:22:23,482 - INFO - Processed 400/681 transactions
2025-06-23 12:22:23,515 - INFO - Processed 500/681 transactions
2025-06-23 12:22:23,539 - INFO - Processed 600/681 transactions
2025-06-23 12:22:23,569 - INFO - Categorization completed in 0.23 seconds
2025-06-23 12:22:23,576 - INFO - === CATEGORIZATION REPORT ===
2025-06-23 12:22:23,576 - INFO - Total Transactions: 681
2025-06-23 12:22:23,577 - INFO - Categorised: 563
2025-06-23 12:22:23,577 - INFO - Uncategorised: 118
2025-06-23 12:22:23,577 - INFO - Categorisation Rate: 82.67
2025-06-23 12:22:23,577 - INFO - Auto Approved: 544
2025-06-23 12:22:23,577 - INFO - Avg Confidence: 99.72
2025-06-23 12:22:23,578 - INFO - High Confidence Matches: 544
2025-06-23 12:22:23,587 - INFO - [SUCCESS] Results saved to C:\Users\SOPHER~1.INT\AppData\Local\Temp\session_67e27aa6\23296_31122024_YE12345678_67e27aa6.csv
2025-06-23 12:22:23,587 - INFO - [SUCCESS] Categorization process completed successfully
2025-06-23 13:52:07,376 - INFO - Starting bank statement categorization process
2025-06-23 13:52:07,377 - INFO - Loading rules from CSV file: C:\Users\SOPHER~1.INT\AppData\Local\Temp\session_84c9de14\tmpxkhaz97c.csv
2025-06-23 13:52:07,413 - INFO - Loaded 130 categorisation rules.
2025-06-23 13:52:07,413 - INFO - Loading bank statement from C:\Users\SOPHER~1.INT\AppData\Local\Temp\session_84c9de14\tmpq_6v1gb5.csv
2025-06-23 13:52:07,432 - INFO - Successfully loaded 681 transactions
2025-06-23 13:52:07,433 - INFO - Starting transaction categorization...
2025-06-23 13:52:07,463 - INFO - Processed 100/681 transactions
2025-06-23 13:52:07,491 - INFO - Processed 200/681 transactions
2025-06-23 13:52:07,520 - INFO - Processed 300/681 transactions
2025-06-23 13:52:07,549 - INFO - Processed 400/681 transactions
2025-06-23 13:52:07,575 - INFO - Processed 500/681 transactions
2025-06-23 13:52:07,597 - INFO - Processed 600/681 transactions
2025-06-23 13:52:07,619 - INFO - Categorization completed in 0.19 seconds
2025-06-23 13:52:07,625 - INFO - === CATEGORIZATION REPORT ===
2025-06-23 13:52:07,625 - INFO - Total Transactions: 681
2025-06-23 13:52:07,625 - INFO - Categorised: 563
2025-06-23 13:52:07,625 - INFO - Uncategorised: 118
2025-06-23 13:52:07,626 - INFO - Categorisation Rate: 82.67
2025-06-23 13:52:07,626 - INFO - Auto Approved: 544
2025-06-23 13:52:07,626 - INFO - Avg Confidence: 99.72
2025-06-23 13:52:07,626 - INFO - High Confidence Matches: 544
2025-06-23 13:52:07,632 - INFO - [SUCCESS] Results saved to C:\Users\SOPHER~1.INT\AppData\Local\Temp\session_84c9de14\1234_1234_YE12345678_84c9de14.csv
2025-06-23 13:52:07,632 - INFO - [SUCCESS] Categorization process completed successfully
2025-06-23 14:05:22,116 - INFO - Starting bank statement categorization process
2025-06-23 14:05:22,116 - INFO - Loading rules from database...
2025-06-23 14:05:22,161 - INFO - Loaded 1778 categorisation rules.
2025-06-23 14:05:22,163 - INFO - Loading bank statement from C:\Users\SOPHER~1.INT\AppData\Local\Temp\session_e71382fd\tmp28tbc77l.csv
2025-06-23 14:05:22,204 - INFO - Successfully loaded 681 transactions
2025-06-23 14:05:22,204 - INFO - Starting transaction categorization...
2025-06-23 14:05:22,671 - INFO - Processed 100/681 transactions
2025-06-23 14:05:23,031 - INFO - Processed 200/681 transactions
2025-06-23 14:05:23,464 - INFO - Processed 300/681 transactions
2025-06-23 14:05:23,847 - INFO - Processed 400/681 transactions
2025-06-23 14:05:24,180 - INFO - Processed 500/681 transactions
2025-06-23 14:05:24,480 - INFO - Processed 600/681 transactions
2025-06-23 14:05:24,730 - INFO - Categorization completed in 2.53 seconds
2025-06-23 14:05:24,746 - INFO - === CATEGORIZATION REPORT ===
2025-06-23 14:05:24,746 - INFO - Total Transactions: 681
2025-06-23 14:05:24,747 - INFO - Categorised: 424
2025-06-23 14:05:24,748 - INFO - Uncategorised: 257
2025-06-23 14:05:24,748 - INFO - Categorisation Rate: 62.26
2025-06-23 14:05:24,748 - INFO - Auto Approved: 420
2025-06-23 14:05:24,748 - INFO - Avg Confidence: 99.92
2025-06-23 14:05:24,748 - INFO - High Confidence Matches: 420
2025-06-23 14:05:24,753 - INFO - [SUCCESS] Results saved to C:\Users\SOPHER~1.INT\AppData\Local\Temp\session_e71382fd\1234_1234_YE12345678_e71382fd.csv
2025-06-23 14:05:24,753 - INFO - [SUCCESS] Categorization process completed successfully
2025-06-23 14:07:59,736 - INFO - Starting bank statement categorization process
2025-06-23 14:07:59,737 - INFO - Loading rules from database...
2025-06-23 14:07:59,751 - INFO - Loaded 1778 categorisation rules.
2025-06-23 14:07:59,752 - INFO - Loading bank statement from C:\Users\SOPHER~1.INT\AppData\Local\Temp\session_412368b2\tmp8ncii9ru.csv
2025-06-23 14:07:59,773 - INFO - Successfully loaded 681 transactions
2025-06-23 14:07:59,773 - INFO - Starting transaction categorization...
2025-06-23 14:08:00,223 - INFO - Processed 100/681 transactions
2025-06-23 14:08:00,606 - INFO - Processed 200/681 transactions
2025-06-23 14:08:01,071 - INFO - Processed 300/681 transactions
2025-06-23 14:08:01,506 - INFO - Processed 400/681 transactions
2025-06-23 14:08:01,839 - INFO - Processed 500/681 transactions
2025-06-23 14:08:02,155 - INFO - Processed 600/681 transactions
2025-06-23 14:08:02,405 - INFO - Categorization completed in 2.63 seconds
2025-06-23 14:08:02,422 - INFO - === CATEGORIZATION REPORT ===
2025-06-23 14:08:02,422 - INFO - Total Transactions: 681
2025-06-23 14:08:02,422 - INFO - Categorised: 424
2025-06-23 14:08:02,422 - INFO - Uncategorised: 257
2025-06-23 14:08:02,422 - INFO - Categorisation Rate: 62.26
2025-06-23 14:08:02,422 - INFO - Auto Approved: 420
2025-06-23 14:08:02,422 - INFO - Avg Confidence: 99.92
2025-06-23 14:08:02,422 - INFO - High Confidence Matches: 420
2025-06-23 14:08:02,422 - INFO - [SUCCESS] Results saved to C:\Users\SOPHER~1.INT\AppData\Local\Temp\session_412368b2\1234_1234_YE12345678_412368b2.csv
2025-06-23 14:08:02,422 - INFO - [SUCCESS] Categorization process completed successfully
